<?xml version="1.0" encoding="UTF-8"?>
<!-- Generated by org.testng.reporters.JUnitReportReporter -->
<testsuite hostname="LAPTOP-EGP3AER7" failures="0" tests="1" name="TestPractice.Testcases.Logincases" time="57.930" errors="0" timestamp="06 Nov 2021 10:03:22 GMT" skipped="0">
  <testcase classname="TestPractice.Testcases.Logincases" name="LoginApp" time="57.930"/>
</testsuite> <!-- TestPractice.Testcases.Logincases -->
